[debug] [2021-05-29T20:22:42.331Z] ----------------------------------------------------------------------
[debug] [2021-05-29T20:22:42.332Z] Command:       C:\Program Files\nodejs\node.exe C:\Users\Sandeep\AppData\Roaming\npm\node_modules\firebase-tools\lib\bin\firebase.js init
[debug] [2021-05-29T20:22:42.333Z] CLI Version:   9.12.0
[debug] [2021-05-29T20:22:42.333Z] Platform:      win32
[debug] [2021-05-29T20:22:42.333Z] Node Version:  v14.15.0
[debug] [2021-05-29T20:22:42.334Z] Time:          Sun May 30 2021 01:52:42 GMT+0530 (India Standard Time)
[debug] [2021-05-29T20:22:42.334Z] ----------------------------------------------------------------------
[debug] 
[debug] [2021-05-29T20:22:42.336Z] >>> [apiv2][query] GET https://firebase-public.firebaseio.com/cli.json [none]
[debug] [2021-05-29T20:22:42.352Z] > command requires scopes: ["email","openid","https://www.googleapis.com/auth/cloudplatformprojects.readonly","https://www.googleapis.com/auth/firebase","https://www.googleapis.com/auth/cloud-platform"]
[debug] [2021-05-29T20:22:42.353Z] > authorizing via signed-in user (sandeeepkumaar.0034@gmail.com)
[info] 
     ######## #### ########  ######## ########     ###     ######  ########
     ##        ##  ##     ## ##       ##     ##  ##   ##  ##       ##
     ######    ##  ########  ######   ########  #########  ######  ######
     ##        ##  ##    ##  ##       ##     ## ##     ##       ## ##
     ##       #### ##     ## ######## ########  ##     ##  ######  ########

You're about to initialize a Firebase project in this directory:

  C:\Users\Sandeep\Desktop\Web-Dev-Projects\mentopia-final

[debug] [2021-05-29T20:22:43.344Z] <<< [apiv2][status] GET https://firebase-public.firebaseio.com/cli.json 200
[debug] [2021-05-29T20:22:43.344Z] <<< [apiv2][body] GET https://firebase-public.firebaseio.com/cli.json {"cloudBuildErrorAfter":1594252800000,"cloudBuildWarnAfter":1590019200000,"defaultNode10After":1594252800000,"minVersion":"3.0.5","node8DeploysDisabledAfter":1613390400000,"node8RuntimeDisabledAfter":1615809600000,"node8WarnAfter":1600128000000}
[info] 
=== Project Setup
[info] 
[info] First, let's associate this project directory with a Firebase project.
[info] You can create multiple project aliases by running firebase use --add, 
[info] but for now we'll just set up a default project.
[info] 
[debug] [2021-05-29T20:23:04.404Z] > refreshing access token with scopes: []
[debug] [2021-05-29T20:23:04.404Z] >>> HTTP REQUEST POST https://www.googleapis.com/oauth2/v3/token  
 <request body omitted>
[debug] [2021-05-29T20:23:04.730Z] <<< HTTP RESPONSE 200 {"pragma":"no-cache","date":"Sat, 29 May 2021 20:23:07 GMT","expires":"Mon, 01 Jan 1990 00:00:00 GMT","cache-control":"no-cache, no-store, max-age=0, must-revalidate","content-type":"application/json; charset=utf-8","vary":"X-Origin, Referer, Origin,Accept-Encoding","server":"scaffolding on HTTPServer2","x-xss-protection":"0","x-frame-options":"SAMEORIGIN","x-content-type-options":"nosniff","alt-svc":"h3-29=\":443\"; ma=2592000,h3-T051=\":443\"; ma=2592000,h3-Q050=\":443\"; ma=2592000,h3-Q046=\":443\"; ma=2592000,h3-Q043=\":443\"; ma=2592000,quic=\":443\"; ma=2592000; v=\"46,43\"","accept-ranges":"none","transfer-encoding":"chunked"}
[debug] [2021-05-29T20:23:04.738Z] >>> [apiv2][query] GET https://firebase.googleapis.com/v1beta1/projects pageSize=100
[debug] [2021-05-29T20:23:05.610Z] <<< [apiv2][status] GET https://firebase.googleapis.com/v1beta1/projects 200
[debug] [2021-05-29T20:23:05.610Z] <<< [apiv2][body] GET https://firebase.googleapis.com/v1beta1/projects [omitted]
[info] i  Using project mentopia-final (mentopia-final) 
[info] 
=== Hosting Setup
[info] 
[info] Your public directory is the folder (relative to your project directory) that
[info] will contain Hosting assets to be uploaded with firebase deploy. If you
[info] have a build process for your assets, use your build's output directory.
[info] 
[debug] [2021-05-29T20:25:43.843Z] >>> [apiv2][query] GET https://www.gstatic.com/firebasejs/releases.json [none]
[debug] [2021-05-29T20:25:44.081Z] <<< [apiv2][status] GET https://www.gstatic.com/firebasejs/releases.json 200
[debug] [2021-05-29T20:25:44.081Z] <<< [apiv2][body] GET https://www.gstatic.com/firebasejs/releases.json {"current":{"version":"8.6.3","browserURL":"https://www.gstatic.com/firebasejs/8.6.3/firebase.js","packageURL":"https://www.gstatic.com/firebasejs/8.6.3/firebase.tgz"},"live":{"version":"8.6","browserURL":"https://www.gstatic.com/firebasejs/live/8.6/firebase.js","packageURL":"https://www.gstatic.com/firebasejs/live/8.6/firebase.tgz"},"components":{"analytics":"https://www.gstatic.com/firebasejs/8.6.3/firebase-analytics.js","app":"https://www.gstatic.com/firebasejs/8.6.3/firebase-app.js","app-check":"https://www.gstatic.com/firebasejs/8.6.3/firebase-app-check.js","auth":"https://www.gstatic.com/firebasejs/8.6.3/firebase-auth.js","database":"https://www.gstatic.com/firebasejs/8.6.3/firebase-database.js","firestore":"https://www.gstatic.com/firebasejs/8.6.3/firebase-firestore.js","functions":"https://www.gstatic.com/firebasejs/8.6.3/firebase-functions.js","installations":"https://www.gstatic.com/firebasejs/8.6.3/firebase-installations.js","messaging":"https://www.gstatic.com/firebasejs/8.6.3/firebase-messaging.js","storage":"https://www.gstatic.com/firebasejs/8.6.3/firebase-storage.js","performance":"https://www.gstatic.com/firebasejs/8.6.3/firebase-performance.js","remote-config":"https://www.gstatic.com/firebasejs/8.6.3/firebase-remote-config.js","firestore.memory":"https://www.gstatic.com/firebasejs/8.6.3/firebase-firestore.memory.js"}}
